<?xml version="1.0" encoding="UTF-8"?>
<!-- Generated by org.testng.reporters.JUnitXMLReporter -->
<testsuite ignored="0" hostname="ae-x.local" failures="0" tests="15" name="SingleTest" time="67.831" errors="0" timestamp="2023-12-09T02:34:36 PST">
  <testcase classname="testcases.BaseTest" name="confirmApplicationLaunch" time="0.44"/>
  <testcase classname="testcases.BaseTest" name="confirmProductsListed" time="0.092"/>
  <testcase classname="testcases.BaseTest" name="confirmLinkNavigation" time="5.945"/>
  <testcase classname="testcases.BaseTest" name="selectProductWH09" time="8.824"/>
  <testcase classname="testcases.BaseTest" name="confirmAddToCartSelection" time="0.075"/>
  <testcase classname="testcases.BaseTest" name="getProductDetails" time="0.195"/>
  <testcase classname="testcases.BaseTest" name="confirmSizeSelection" time="0.217"/>
  <testcase classname="testcases.BaseTest" name="confirmColorSelection" time="0.196"/>
  <testcase classname="testcases.BaseTest" name="editQTY" time="0.36"/>
  <testcase classname="testcases.BaseTest" name="addItemToCart" time="6.199"/>
  <testcase classname="testcases.BaseTest" name="viewFooter" time="0.039"/>
  <testcase classname="testcases.BaseTest" name="proceedToCheckout" time="11.784"/>
  <testcase classname="testcases.BaseTest" name="confirmShipping" time="5.869"/>
  <testcase classname="testcases.BaseTest" name="confirmPayment" time="13.727"/>
  <testcase classname="testcases.BaseTest" name="confirmOrderSuccess" time="0.052"/>
</testsuite> <!-- SingleTest -->
