<?xml version="1.0" encoding="UTF-8"?>
<!-- Generated by org.testng.reporters.JUnitXMLReporter -->
<testsuite ignored="0" hostname="ae-x.local" failures="0" tests="15" name="SingleTest" time="56.712" errors="0" timestamp="2023-12-07T21:14:22 PST">
  <testcase classname="testcases.BaseTest" name="confirmApplicationLaunch" time="0.491"/>
  <testcase classname="testcases.BaseTest" name="confirmProductsListed" time="0.217"/>
  <testcase classname="testcases.BaseTest" name="confirmLinkNavigation" time="3.067"/>
  <testcase classname="testcases.BaseTest" name="selectProductWH09" time="9.268"/>
  <testcase classname="testcases.BaseTest" name="confirmAddToCartSelection" time="0.04"/>
  <testcase classname="testcases.BaseTest" name="getProductDetails" time="0.14"/>
  <testcase classname="testcases.BaseTest" name="confirmSizeSelection" time="0.192"/>
  <testcase classname="testcases.BaseTest" name="confirmColorSelection" time="0.17"/>
  <testcase classname="testcases.BaseTest" name="editQTY" time="0.266"/>
  <testcase classname="testcases.BaseTest" name="addItemToCart" time="6.166"/>
  <testcase classname="testcases.BaseTest" name="viewFooter" time="0.167"/>
  <testcase classname="testcases.BaseTest" name="proceedToCheckout" time="8.749"/>
  <testcase classname="testcases.BaseTest" name="confirmShipping" time="5.128"/>
  <testcase classname="testcases.BaseTest" name="confirmPayment" time="13.626"/>
  <testcase classname="testcases.BaseTest" name="confirmOrderSuccess" time="0.074"/>
</testsuite> <!-- SingleTest -->
