<?xml version="1.0" encoding="UTF-8"?>
<testng-results ignored="0" total="15" passed="15" failed="0" skipped="0">
  <reporter-output>
  </reporter-output>
  <suite started-at="2023-12-10T18:28:28 PST" name="Single" finished-at="2023-12-10T18:30:02 PST" duration-ms="94525">
    <groups>
      <group name="all">
        <method signature="BaseTest.confirmApplicationLaunch()[pri:1, instance:testcases.BaseTest@6dbb137d]" name="confirmApplicationLaunch" class="testcases.BaseTest"/>
        <method signature="BaseTest.confirmProductsListed()[pri:2, instance:testcases.BaseTest@6dbb137d]" name="confirmProductsListed" class="testcases.BaseTest"/>
        <method signature="BaseTest.confirmLinkNavigation()[pri:3, instance:testcases.BaseTest@6dbb137d]" name="confirmLinkNavigation" class="testcases.BaseTest"/>
        <method signature="BaseTest.selectProductWH09()[pri:4, instance:testcases.BaseTest@6dbb137d]" name="selectProductWH09" class="testcases.BaseTest"/>
        <method signature="BaseTest.confirmAddToCartSelection()[pri:5, instance:testcases.BaseTest@6dbb137d]" name="confirmAddToCartSelection" class="testcases.BaseTest"/>
        <method signature="BaseTest.getProductDetails()[pri:6, instance:testcases.BaseTest@6dbb137d]" name="getProductDetails" class="testcases.BaseTest"/>
        <method signature="BaseTest.confirmSizeSelection()[pri:7, instance:testcases.BaseTest@6dbb137d]" name="confirmSizeSelection" class="testcases.BaseTest"/>
        <method signature="BaseTest.confirmColorSelection()[pri:8, instance:testcases.BaseTest@6dbb137d]" name="confirmColorSelection" class="testcases.BaseTest"/>
        <method signature="BaseTest.editQTY()[pri:9, instance:testcases.BaseTest@6dbb137d]" name="editQTY" class="testcases.BaseTest"/>
        <method signature="BaseTest.addItemToCart()[pri:10, instance:testcases.BaseTest@6dbb137d]" name="addItemToCart" class="testcases.BaseTest"/>
        <method signature="BaseTest.viewFooter()[pri:11, instance:testcases.BaseTest@6dbb137d]" name="viewFooter" class="testcases.BaseTest"/>
        <method signature="BaseTest.proceedToCheckout()[pri:12, instance:testcases.BaseTest@6dbb137d]" name="proceedToCheckout" class="testcases.BaseTest"/>
        <method signature="BaseTest.confirmShipping()[pri:13, instance:testcases.BaseTest@6dbb137d]" name="confirmShipping" class="testcases.BaseTest"/>
        <method signature="BaseTest.confirmPayment()[pri:14, instance:testcases.BaseTest@6dbb137d]" name="confirmPayment" class="testcases.BaseTest"/>
        <method signature="BaseTest.confirmOrderSuccess()[pri:15, instance:testcases.BaseTest@6dbb137d]" name="confirmOrderSuccess" class="testcases.BaseTest"/>
      </group> <!-- all -->
    </groups>
    <test started-at="2023-12-10T18:28:28 PST" name="SingleTest" finished-at="2023-12-10T18:30:02 PST" duration-ms="94525">
      <class name="testcases.BaseTest">
        <test-method is-config="true" signature="setUp()[pri:0, instance:testcases.BaseTest@6dbb137d]" started-at="2023-12-10T18:28:28 PST" name="setUp" finished-at="2023-12-10T18:28:49 PST" duration-ms="21107" status="PASS">
          <reporter-output>
          </reporter-output>
        </test-method> <!-- setUp -->
        <test-method signature="confirmApplicationLaunch()[pri:1, instance:testcases.BaseTest@6dbb137d]" started-at="2023-12-10T18:28:49 PST" name="confirmApplicationLaunch" finished-at="2023-12-10T18:28:51 PST" duration-ms="1754" status="PASS">
          <reporter-output>
          </reporter-output>
        </test-method> <!-- confirmApplicationLaunch -->
        <test-method signature="confirmProductsListed()[pri:2, instance:testcases.BaseTest@6dbb137d]" started-at="2023-12-10T18:28:51 PST" name="confirmProductsListed" finished-at="2023-12-10T18:28:51 PST" duration-ms="234" status="PASS">
          <reporter-output>
          </reporter-output>
        </test-method> <!-- confirmProductsListed -->
        <test-method signature="confirmLinkNavigation()[pri:3, instance:testcases.BaseTest@6dbb137d]" started-at="2023-12-10T18:28:51 PST" name="confirmLinkNavigation" finished-at="2023-12-10T18:29:01 PST" duration-ms="9915" status="PASS">
          <reporter-output>
          </reporter-output>
        </test-method> <!-- confirmLinkNavigation -->
        <test-method signature="selectProductWH09()[pri:4, instance:testcases.BaseTest@6dbb137d]" started-at="2023-12-10T18:29:01 PST" name="selectProductWH09" finished-at="2023-12-10T18:29:16 PST" duration-ms="15527" status="PASS">
          <reporter-output>
          </reporter-output>
        </test-method> <!-- selectProductWH09 -->
        <test-method signature="confirmAddToCartSelection()[pri:5, instance:testcases.BaseTest@6dbb137d]" started-at="2023-12-10T18:29:16 PST" name="confirmAddToCartSelection" finished-at="2023-12-10T18:29:16 PST" duration-ms="111" status="PASS">
          <reporter-output>
          </reporter-output>
        </test-method> <!-- confirmAddToCartSelection -->
        <test-method signature="getProductDetails()[pri:6, instance:testcases.BaseTest@6dbb137d]" started-at="2023-12-10T18:29:16 PST" name="getProductDetails" finished-at="2023-12-10T18:29:17 PST" duration-ms="294" status="PASS">
          <reporter-output>
          </reporter-output>
        </test-method> <!-- getProductDetails -->
        <test-method signature="confirmSizeSelection()[pri:7, instance:testcases.BaseTest@6dbb137d]" started-at="2023-12-10T18:29:17 PST" name="confirmSizeSelection" finished-at="2023-12-10T18:29:17 PST" duration-ms="239" status="PASS">
          <reporter-output>
          </reporter-output>
        </test-method> <!-- confirmSizeSelection -->
        <test-method signature="confirmColorSelection()[pri:8, instance:testcases.BaseTest@6dbb137d]" started-at="2023-12-10T18:29:17 PST" name="confirmColorSelection" finished-at="2023-12-10T18:29:17 PST" duration-ms="283" status="PASS">
          <reporter-output>
          </reporter-output>
        </test-method> <!-- confirmColorSelection -->
        <test-method signature="editQTY()[pri:9, instance:testcases.BaseTest@6dbb137d]" started-at="2023-12-10T18:29:17 PST" name="editQTY" finished-at="2023-12-10T18:29:18 PST" duration-ms="601" status="PASS">
          <reporter-output>
          </reporter-output>
        </test-method> <!-- editQTY -->
        <test-method signature="addItemToCart()[pri:10, instance:testcases.BaseTest@6dbb137d]" started-at="2023-12-10T18:29:18 PST" name="addItemToCart" finished-at="2023-12-10T18:29:24 PST" duration-ms="6503" status="PASS">
          <reporter-output>
          </reporter-output>
        </test-method> <!-- addItemToCart -->
        <test-method signature="viewFooter()[pri:11, instance:testcases.BaseTest@6dbb137d]" started-at="2023-12-10T18:29:24 PST" name="viewFooter" finished-at="2023-12-10T18:29:25 PST" duration-ms="114" status="PASS">
          <reporter-output>
          </reporter-output>
        </test-method> <!-- viewFooter -->
        <test-method signature="proceedToCheckout()[pri:12, instance:testcases.BaseTest@6dbb137d]" started-at="2023-12-10T18:29:25 PST" name="proceedToCheckout" finished-at="2023-12-10T18:29:37 PST" duration-ms="12710" status="PASS">
          <reporter-output>
          </reporter-output>
        </test-method> <!-- proceedToCheckout -->
        <test-method signature="confirmShipping()[pri:13, instance:testcases.BaseTest@6dbb137d]" started-at="2023-12-10T18:29:37 PST" name="confirmShipping" finished-at="2023-12-10T18:29:46 PST" duration-ms="8279" status="PASS">
          <reporter-output>
          </reporter-output>
        </test-method> <!-- confirmShipping -->
        <test-method signature="confirmPayment()[pri:14, instance:testcases.BaseTest@6dbb137d]" started-at="2023-12-10T18:29:46 PST" name="confirmPayment" finished-at="2023-12-10T18:30:00 PST" duration-ms="14775" status="PASS">
          <reporter-output>
          </reporter-output>
        </test-method> <!-- confirmPayment -->
        <test-method signature="confirmOrderSuccess()[pri:15, instance:testcases.BaseTest@6dbb137d]" started-at="2023-12-10T18:30:00 PST" name="confirmOrderSuccess" finished-at="2023-12-10T18:30:00 PST" duration-ms="104" status="PASS">
          <reporter-output>
          </reporter-output>
        </test-method> <!-- confirmOrderSuccess -->
        <test-method is-config="true" signature="tearDown()[pri:0, instance:testcases.BaseTest@6dbb137d]" started-at="2023-12-10T18:30:00 PST" name="tearDown" finished-at="2023-12-10T18:30:02 PST" duration-ms="1733" status="PASS">
          <reporter-output>
          </reporter-output>
        </test-method> <!-- tearDown -->
      </class> <!-- testcases.BaseTest -->
    </test> <!-- SingleTest -->
  </suite> <!-- Single -->
</testng-results>
